<?xml version="1.0" encoding="UTF-8"?>
<testsuite xmlns:xsi="http://www.w3.org/2001/XMLSchema-instance" xsi:noNamespaceSchemaLocation="https://maven.apache.org/surefire/maven-surefire-plugin/xsd/surefire-test-report.xsd" name="com.essai.Caluclateur.CalculatorTest" time="0.134" tests="3" errors="0" skipped="0" failures="0">
  <properties>
[...]
</properties>
  <testcase name="testSum" classname="com.essai.Caluclateur.CalculatorTest" time="0.004"/>
  <testcase name="testMinus" classname="com.essai.Caluclateur.CalculatorTest" time="0.001"/>
  <testcase name="testDivide" classname="com.essai.Caluclateur.CalculatorTest" time="0"/>
</testsuite>